<?xml version="1.0" encoding="UTF-8"?>
<testsuite xmlns:xsi="http://www.w3.org/2001/XMLSchema-instance" xsi:noNamespaceSchemaLocation="https://maven.apache.org/surefire/maven-surefire-plugin/xsd/surefire-test-report.xsd" name="db.DAOTest" time="11.393" tests="7" errors="0" skipped="0" failures="0">
  <properties>
[...]
</properties>
  <testcase name="testLongRun1" classname="db.DAOTest" time="0.525"/>
  <testcase name="testLongRun2" classname="db.DAOTest" time="0.003"/>
  <testcase name="testLongRun3" classname="db.DAOTest" time="0.006"/>
  <testcase name="testLongRun4" classname="db.DAOTest" time="0.005"/>
  <testcase name="testTotalDistance1" classname="db.DAOTest" time="0.107"/>
  <testcase name="testTotalDistance2" classname="db.DAOTest" time="0.006"/>
  <testcase name="testTotalDistance3" classname="db.DAOTest" time="0.003"/>
</testsuite>